2024-12-27 13:49:29.179668: W external/xla/xla/service/gpu/nvptx_compiler.cc:930] The NVIDIA driver's CUDA version is 12.4 which is older than the PTX compiler version 12.6.77. Because the driver is older than the PTX compiler version, XLA is disabling parallel compilation, which may slow down compilation. You should update your NVIDIA driver or use the NVIDIA-provided CUDA forward compatibility packages.
/home/houtlaw/iono-net/model/train_model.py:60: FutureWarning: DataFrame.applymap has been deprecated. Use DataFrame.map instead.
  label_matrix = label_df.applymap(convert_to_complex).to_numpy().T
/home/houtlaw/iono-net/model/train_model.py:61: FutureWarning: DataFrame.applymap has been deprecated. Use DataFrame.map instead.
  data_matrix = data_df.applymap(convert_to_complex).to_numpy().T
2024-12-27 13:53:01.672458: W external/xla/xla/service/gpu/nvptx_compiler.cc:930] The NVIDIA driver's CUDA version is 12.4 which is older than the PTX compiler version 12.6.77. Because the driver is older than the PTX compiler version, XLA is disabling parallel compilation, which may slow down compilation. You should update your NVIDIA driver or use the NVIDIA-provided CUDA forward compatibility packages.
/home/houtlaw/iono-net/model/train_model.py:60: FutureWarning: DataFrame.applymap has been deprecated. Use DataFrame.map instead.
  label_matrix = label_df.applymap(convert_to_complex).to_numpy().T
/home/houtlaw/iono-net/model/train_model.py:61: FutureWarning: DataFrame.applymap has been deprecated. Use DataFrame.map instead.
  data_matrix = data_df.applymap(convert_to_complex).to_numpy().T
2024-12-27 13:57:18.645501: W external/xla/xla/service/gpu/nvptx_compiler.cc:930] The NVIDIA driver's CUDA version is 12.4 which is older than the PTX compiler version 12.6.77. Because the driver is older than the PTX compiler version, XLA is disabling parallel compilation, which may slow down compilation. You should update your NVIDIA driver or use the NVIDIA-provided CUDA forward compatibility packages.
/home/houtlaw/iono-net/model/train_model.py:60: FutureWarning: DataFrame.applymap has been deprecated. Use DataFrame.map instead.
  label_matrix = label_df.applymap(convert_to_complex).to_numpy().T
/home/houtlaw/iono-net/model/train_model.py:61: FutureWarning: DataFrame.applymap has been deprecated. Use DataFrame.map instead.
  data_matrix = data_df.applymap(convert_to_complex).to_numpy().T
2024-12-27 13:58:40.396007: W external/xla/xla/service/platform_util.cc:206] unable to create StreamExecutor for CUDA:0: : CUDA_ERROR_OUT_OF_MEMORY: out of memory
2024-12-27 13:58:40.479285: W external/xla/xla/service/gpu/nvptx_compiler.cc:930] The NVIDIA driver's CUDA version is 12.4 which is older than the PTX compiler version 12.6.77. Because the driver is older than the PTX compiler version, XLA is disabling parallel compilation, which may slow down compilation. You should update your NVIDIA driver or use the NVIDIA-provided CUDA forward compatibility packages.
/home/houtlaw/iono-net/model/train_model.py:60: FutureWarning: DataFrame.applymap has been deprecated. Use DataFrame.map instead.
  label_matrix = label_df.applymap(convert_to_complex).to_numpy().T
/home/houtlaw/iono-net/model/train_model.py:61: FutureWarning: DataFrame.applymap has been deprecated. Use DataFrame.map instead.
  data_matrix = data_df.applymap(convert_to_complex).to_numpy().T
